<?xml version="1.0" encoding="UTF-8"?>
<!-- Generated by org.testng.reporters.JUnitReportReporter -->
<testsuite hostname="DESKTOP-N4UOH9V" failures="0" tests="5" name="Testcase.TC_VedeoGameAP" time="2.676" errors="0" timestamp="2021-11-23T18:40:07 EST" skipped="0">
  <testcase classname="Testcase.TC_VedeoGameAP" name="TC_getAllVedeoGames" time="1.753"/>
  <system-out/>
  <testcase classname="Testcase.TC_VedeoGameAP" name="test_addNewVideoGame" time="0.212"/>
  <system-out/>
  <testcase classname="Testcase.TC_VedeoGameAP" name="test_getVideoGame" time="0.598"/>
  <system-out/>
  <testcase classname="Testcase.TC_VedeoGameAP" name="test_putVideoGame" time="0.086"/>
  <system-out/>
  <testcase classname="Testcase.TC_VedeoGameAP" name="test_deleteVideoGame" time="0.027"/>
  <system-out/>
</testsuite> <!-- Testcase.TC_VedeoGameAP -->
